<?xml version="1.0" encoding="UTF-8"?>
<!-- Generated by org.testng.reporters.JUnitXMLReporter -->
<testsuite ignored="0" hostname="Kunal" failures="0" tests="4" name="Default test" time="1.703" errors="0" timestamp="2024-02-20T13:59:20 IST">
  <testcase classname="Org.Testing.TestTrigger.Trigger" name="second" time="1.571"/>
  <testcase classname="Org.Testing.TestTrigger.Trigger" name="first" time="0.035"/>
  <testcase classname="Org.Testing.TestTrigger.Trigger" name="fourth" time="0.03"/>
  <testcase classname="Org.Testing.TestTrigger.Trigger" name="third" time="0.02"/>
</testsuite> <!-- Default test -->
