<?xml version="1.0" encoding="UTF-8"?>
<testng-results ignored="0" total="4" passed="4" failed="0" skipped="0">
  <reporter-output>
  </reporter-output>
  <suite started-at="2024-02-20T13:59:18 IST" name="Default suite" finished-at="2024-02-20T13:59:20 IST" duration-ms="1703">
    <groups>
    </groups>
    <test started-at="2024-02-20T13:59:18 IST" name="Default test" finished-at="2024-02-20T13:59:20 IST" duration-ms="1703">
      <class name="Org.Testing.TestTrigger.Trigger">
        <test-method signature="second()[pri:1, instance:Org.Testing.TestTrigger.Trigger@53aac487]" started-at="2024-02-20T13:59:18 IST" name="second" finished-at="2024-02-20T13:59:20 IST" duration-ms="1571" status="PASS">
          <reporter-output>
          </reporter-output>
        </test-method> <!-- second -->
        <test-method signature="first()[pri:2, instance:Org.Testing.TestTrigger.Trigger@53aac487]" started-at="2024-02-20T13:59:20 IST" name="first" finished-at="2024-02-20T13:59:20 IST" duration-ms="35" status="PASS">
          <reporter-output>
          </reporter-output>
        </test-method> <!-- first -->
        <test-method signature="fourth()[pri:3, instance:Org.Testing.TestTrigger.Trigger@53aac487]" started-at="2024-02-20T13:59:20 IST" name="fourth" finished-at="2024-02-20T13:59:20 IST" duration-ms="30" status="PASS">
          <reporter-output>
          </reporter-output>
        </test-method> <!-- fourth -->
        <test-method signature="third()[pri:4, instance:Org.Testing.TestTrigger.Trigger@53aac487]" started-at="2024-02-20T13:59:20 IST" name="third" finished-at="2024-02-20T13:59:20 IST" duration-ms="20" status="PASS">
          <reporter-output>
          </reporter-output>
        </test-method> <!-- third -->
      </class> <!-- Org.Testing.TestTrigger.Trigger -->
    </test> <!-- Default test -->
  </suite> <!-- Default suite -->
</testng-results>
